<?xml version="1.0" encoding="UTF-8"?>
<testng-results ignored="0" total="1" passed="1" failed="0" skipped="0">
  <reporter-output>
  </reporter-output>
  <suite started-at="2021-07-02T00:24:34 IST" name="Default suite" finished-at="2021-07-02T00:26:16 IST" duration-ms="102107">
    <groups>
      <group name="testOne">
        <method signature="correctTestCase.submitForm()[pri:0, instance:testCases.correctTestCase@57db2b13]" name="submitForm" class="testCases.correctTestCase"/>
      </group> <!-- testOne -->
    </groups>
    <test started-at="2021-07-02T00:24:34 IST" name="Default test" finished-at="2021-07-02T00:26:16 IST" duration-ms="102107">
      <class name="testCases.correctTestCase">
        <test-method signature="submitForm()[pri:0, instance:testCases.correctTestCase@57db2b13]" started-at="2021-07-02T00:24:34 IST" name="submitForm" finished-at="2021-07-02T00:26:15 IST" duration-ms="101324" status="PASS">
          <reporter-output>
          </reporter-output>
        </test-method> <!-- submitForm -->
        <test-method is-config="true" signature="flushReport()[pri:0, instance:testCases.correctTestCase@57db2b13]" started-at="2021-07-02T00:26:15 IST" name="flushReport" finished-at="2021-07-02T00:26:16 IST" duration-ms="700" status="PASS">
          <reporter-output>
          </reporter-output>
        </test-method> <!-- flushReport -->
      </class> <!-- testCases.correctTestCase -->
    </test> <!-- Default test -->
  </suite> <!-- Default suite -->
</testng-results>
