<?xml version="1.0" encoding="UTF-8"?>
<testng-results ignored="0" total="1" passed="1" failed="0" skipped="0">
  <reporter-output>
  </reporter-output>
  <suite started-at="2021-06-30T17:30:23 IST" name="Default suite" finished-at="2021-06-30T17:31:40 IST" duration-ms="76837">
    <groups>
    </groups>
    <test started-at="2021-06-30T17:30:23 IST" name="Default test" finished-at="2021-06-30T17:31:40 IST" duration-ms="76837">
      <class name="testCases.correctTestCase">
        <test-method signature="submitForm()[pri:0, instance:testCases.correctTestCase@69504ae9]" started-at="2021-06-30T17:30:23 IST" name="submitForm" finished-at="2021-06-30T17:31:39 IST" duration-ms="76291" status="PASS">
          <reporter-output>
          </reporter-output>
        </test-method> <!-- submitForm -->
        <test-method is-config="true" signature="flushReport()[pri:0, instance:testCases.correctTestCase@69504ae9]" started-at="2021-06-30T17:31:39 IST" name="flushReport" finished-at="2021-06-30T17:31:40 IST" duration-ms="484" status="PASS">
          <reporter-output>
          </reporter-output>
        </test-method> <!-- flushReport -->
      </class> <!-- testCases.correctTestCase -->
    </test> <!-- Default test -->
  </suite> <!-- Default suite -->
</testng-results>
